<?xml version="1.0" encoding="UTF-8"?>
<testsuite xmlns:xsi="http://www.w3.org/2001/XMLSchema-instance" xsi:noNamespaceSchemaLocation="https://maven.apache.org/surefire/maven-surefire-plugin/xsd/surefire-test-report-3.0.xsd" version="3.0" name="Adding a customer in guru99 Telecom application" time="24.863" tests="3" errors="0" skipped="0" failures="0">
  <properties>
[...]
</properties>
  <testcase name="Verify that we can add customers http://demo.guru99.com/telecom/index.html #1" classname="Adding a customer in guru99 Telecom application" time="8.915">
    <system-out><![CDATA[&amp#27;[32m&amp#27;[1m┌───────────────────────────────────────────────────────────────────────────────────┐&amp#27;[0m
&amp#27;[32m&amp#27;[1m│&amp#27;[0m Share your Cucumber Report with your team at &amp#27;[36m&amp#27;[1m&amp#27;[4mhttps://reports.cucumber.io&amp#27;[0m          &amp#27;[32m&amp#27;[1m│&amp#27;[0m
&amp#27;[32m&amp#27;[1m│&amp#27;[0m Activate publishing with one of the following:                                    &amp#27;[32m&amp#27;[1m│&amp#27;[0m
&amp#27;[32m&amp#27;[1m│&amp#27;[0m                                                                                   &amp#27;[32m&amp#27;[1m│&amp#27;[0m
&amp#27;[32m&amp#27;[1m│&amp#27;[0m src/test/resources/cucumber.properties:          &amp#27;[36mcucumber.publish.enabled&amp#27;[0m=&amp#27;[36mtrue&amp#27;[0m    &amp#27;[32m&amp#27;[1m│&amp#27;[0m
&amp#27;[32m&amp#27;[1m│&amp#27;[0m src/test/resources/junit-platform.properties:    &amp#27;[36mcucumber.publish.enabled&amp#27;[0m=&amp#27;[36mtrue&amp#27;[0m    &amp#27;[32m&amp#27;[1m│&amp#27;[0m
&amp#27;[32m&amp#27;[1m│&amp#27;[0m Environment variable:                            &amp#27;[36mCUCUMBER_PUBLISH_ENABLED&amp#27;[0m=&amp#27;[36mtrue&amp#27;[0m    &amp#27;[32m&amp#27;[1m│&amp#27;[0m
&amp#27;[32m&amp#27;[1m│&amp#27;[0m JUnit:                                           &amp#27;[36m@CucumberOptions&amp#27;[0m(publish = &amp#27;[36mtrue&amp#27;[0m) &amp#27;[32m&amp#27;[1m│&amp#27;[0m
&amp#27;[32m&amp#27;[1m│&amp#27;[0m                                                                                   &amp#27;[32m&amp#27;[1m│&amp#27;[0m
&amp#27;[32m&amp#27;[1m│&amp#27;[0m More information at &amp#27;[36mhttps://cucumber.io/docs/cucumber/environment-variables/&amp#27;[0m      &amp#27;[32m&amp#27;[1m│&amp#27;[0m
&amp#27;[32m&amp#27;[1m│&amp#27;[0m                                                                                   &amp#27;[32m&amp#27;[1m│&amp#27;[0m
&amp#27;[32m&amp#27;[1m│&amp#27;[0m Disable this message with one of the following:                                   &amp#27;[32m&amp#27;[1m│&amp#27;[0m
&amp#27;[32m&amp#27;[1m│&amp#27;[0m                                                                                   &amp#27;[32m&amp#27;[1m│&amp#27;[0m
&amp#27;[32m&amp#27;[1m│&amp#27;[0m src/test/resources/cucumber.properties:          &amp#27;[36mcucumber.publish.quiet&amp#27;[0m=&amp#27;[36mtrue&amp#27;[0m      &amp#27;[32m&amp#27;[1m│&amp#27;[0m
&amp#27;[32m&amp#27;[1m│&amp#27;[0m src/test/resources/junit-platform.properties:    &amp#27;[36mcucumber.publish.quiet&amp#27;[0m=&amp#27;[36mtrue&amp#27;[0m      &amp#27;[32m&amp#27;[1m│&amp#27;[0m
&amp#27;[32m&amp#27;[1m└───────────────────────────────────────────────────────────────────────────────────┘&amp#27;[0m


@TC_2
Scenario Outline: Verify that we can add customers http://demo.guru99.com/telecom/index.html                               &amp#27;[90m# src/test/resources/Lab3_guru99Telecom.feature:15&amp#27;[0m
2022-10-15 14:40:01 INFO  Hooks:17 - Driver is successfully started
v  &amp#27;[32mGiven &amp#27;[0m&amp#27;[32mThe user wants to see Guru demo site&amp#27;[0m                                                                               &amp#27;[90m# code.stepsDefinitions.guru99TelecomSteps.the_user_wants_to_see_guru_demo_site()&amp#27;[0m
  &amp#27;[32mWhen &amp#27;[0m&amp#27;[32mThe user wants to add a customer&amp#27;[0m                                                                                    &amp#27;[90m# code.stepsDefinitions.guru99TelecomSteps.the_user_wants_to_add_a_customer()&amp#27;[0m
  &amp#27;[32mThen &amp#27;[0m&amp#27;[32mThe users wants to verify &amp#27;[0m&amp#27;[32m&amp#27;[1m"Add Customer"&amp#27;[0m&amp#27;[32m header&amp#27;[0m                                                                     &amp#27;[90m# code.stepsDefinitions.guru99TelecomSteps.the_users_wants_to_verify_header(java.lang.String)&amp#27;[0m
2022-10-15 14:40:06 ERROR guru99TelecomHome:62 - The option you have provided is not found. Please check your selection
v2022-10-15 14:40:06 ERROR guru99TelecomHome:63 - done is the provided option
v  &amp#27;[32mThen &amp#27;[0m&amp#27;[32mThe user wants to enter background check as &amp#27;[0m&amp#27;[32m&amp#27;[1m"done"&amp#27;[0m                                                                  &amp#27;[90m# code.stepsDefinitions.guru99TelecomSteps.the_user_wants_to_enter_background_check_as(java.lang.String)&amp#27;[0m
2022-10-15 14:40:06 INFO  guru99TelecomSteps:37 - First name is successfully provided
v2022-10-15 14:40:06 INFO  guru99TelecomSteps:39 - Last name is successfully provided
v2022-10-15 14:40:06 INFO  guru99TelecomSteps:41 - Email is successfully provided
v2022-10-15 14:40:06 INFO  guru99TelecomSteps:43 - Address is successfully provided
v2022-10-15 14:40:06 INFO  guru99TelecomSteps:45 - phone number is successfully provided
v  &amp#27;[32mThen &amp#27;[0m&amp#27;[32mThe user wants to enter billingaddress as &amp#27;[0m&amp#27;[32m&amp#27;[1m"Joe"&amp#27;[0m&amp#27;[32m and &amp#27;[0m&amp#27;[32m&amp#27;[1m"Dave"&amp#27;[0m&amp#27;[32m and &amp#27;[0m&amp#27;[32m&amp#27;[1m"joedave@gmail.com"&amp#27;[0m&amp#27;[32m and &amp#27;[0m&amp#27;[32m&amp#27;[1m"10 fake st"&amp#27;[0m&amp#27;[32m and &amp#27;[0m&amp#27;[32m&amp#27;[1m"123456789"&amp#27;[0m &amp#27;[90m# code.stepsDefinitions.guru99TelecomSteps.the_user_wants_to_enter_billingaddress_as_and_and_and_and(java.lang.String,java.lang.String,java.lang.String,java.lang.String,java.lang.String)&amp#27;[0m
  &amp#27;[32mAnd &amp#27;[0m&amp#27;[32mThe wants to verify message as &amp#27;[0m&amp#27;[32m&amp#27;[1m"Access Details to Guru99 Telecom"&amp#27;[0m                                                    &amp#27;[90m# code.stepsDefinitions.guru99TelecomSteps.the_wants_to_verify_message_as(java.lang.String)&amp#27;[0m
]]></system-out>
    <system-err><![CDATA[SLF4J: Failed to load class "org.slf4j.impl.StaticLoggerBinder".
SLF4J: Defaulting to no-operation (NOP) logger implementation
SLF4J: See http://www.slf4j.org/codes.html#StaticLoggerBinder for further details.
Starting ChromeDriver 106.0.5249.61 (511755355844955cd3e264779baf0dd38212a4d0-refs/branch-heads/5249@{#569}) on port 50708
Only local connections are allowed.
Please see https://chromedriver.chromium.org/security-considerations for suggestions on keeping ChromeDriver safe.
ChromeDriver was started successfully.
Oct 15, 2022 2:40:01 PM org.openqa.selenium.remote.ProtocolHandshake createSession
INFO: Detected dialect: W3C
]]></system-err>
  </testcase>
  <testcase name="Verify that we can add customers http://demo.guru99.com/telecom/index.html #2" classname="Adding a customer in guru99 Telecom application" time="8.183">
    <system-out><![CDATA[
@TC_2
Scenario Outline: Verify that we can add customers http://demo.guru99.com/telecom/index.html                               &amp#27;[90m# src/test/resources/Lab3_guru99Telecom.feature:16&amp#27;[0m
2022-10-15 14:40:08 INFO  Hooks:17 - Driver is successfully started
v  &amp#27;[32mGiven &amp#27;[0m&amp#27;[32mThe user wants to see Guru demo site&amp#27;[0m                                                                               &amp#27;[90m# code.stepsDefinitions.guru99TelecomSteps.the_user_wants_to_see_guru_demo_site()&amp#27;[0m
  &amp#27;[32mWhen &amp#27;[0m&amp#27;[32mThe user wants to add a customer&amp#27;[0m                                                                                    &amp#27;[90m# code.stepsDefinitions.guru99TelecomSteps.the_user_wants_to_add_a_customer()&amp#27;[0m
  &amp#27;[32mThen &amp#27;[0m&amp#27;[32mThe users wants to verify &amp#27;[0m&amp#27;[32m&amp#27;[1m"Add Customer"&amp#27;[0m&amp#27;[32m header&amp#27;[0m                                                                     &amp#27;[90m# code.stepsDefinitions.guru99TelecomSteps.the_users_wants_to_verify_header(java.lang.String)&amp#27;[0m
2022-10-15 14:40:13 ERROR guru99TelecomHome:62 - The option you have provided is not found. Please check your selection
v2022-10-15 14:40:13 ERROR guru99TelecomHome:63 - pending is the provided option
v  &amp#27;[32mThen &amp#27;[0m&amp#27;[32mThe user wants to enter background check as &amp#27;[0m&amp#27;[32m&amp#27;[1m"pending"&amp#27;[0m                                                               &amp#27;[90m# code.stepsDefinitions.guru99TelecomSteps.the_user_wants_to_enter_background_check_as(java.lang.String)&amp#27;[0m
2022-10-15 14:40:13 INFO  guru99TelecomSteps:37 - First name is successfully provided
v2022-10-15 14:40:13 INFO  guru99TelecomSteps:39 - Last name is successfully provided
v2022-10-15 14:40:13 INFO  guru99TelecomSteps:41 - Email is successfully provided
v2022-10-15 14:40:13 INFO  guru99TelecomSteps:43 - Address is successfully provided
v2022-10-15 14:40:13 INFO  guru99TelecomSteps:45 - phone number is successfully provided
v  &amp#27;[32mThen &amp#27;[0m&amp#27;[32mThe user wants to enter billingaddress as &amp#27;[0m&amp#27;[32m&amp#27;[1m"Jason"&amp#27;[0m&amp#27;[32m and &amp#27;[0m&amp#27;[32m&amp#27;[1m"Dave"&amp#27;[0m&amp#27;[32m and &amp#27;[0m&amp#27;[32m&amp#27;[1m"jason@gmail.com"&amp#27;[0m&amp#27;[32m and &amp#27;[0m&amp#27;[32m&amp#27;[1m"11 fake st"&amp#27;[0m&amp#27;[32m and &amp#27;[0m&amp#27;[32m&amp#27;[1m"789654123"&amp#27;[0m &amp#27;[90m# code.stepsDefinitions.guru99TelecomSteps.the_user_wants_to_enter_billingaddress_as_and_and_and_and(java.lang.String,java.lang.String,java.lang.String,java.lang.String,java.lang.String)&amp#27;[0m
  &amp#27;[32mAnd &amp#27;[0m&amp#27;[32mThe wants to verify message as &amp#27;[0m&amp#27;[32m&amp#27;[1m"Access Details to Guru99 Telecom"&amp#27;[0m                                                    &amp#27;[90m# code.stepsDefinitions.guru99TelecomSteps.the_wants_to_verify_message_as(java.lang.String)&amp#27;[0m
]]></system-out>
    <system-err><![CDATA[Starting ChromeDriver 106.0.5249.61 (511755355844955cd3e264779baf0dd38212a4d0-refs/branch-heads/5249@{#569}) on port 64358
Only local connections are allowed.
Please see https://chromedriver.chromium.org/security-considerations for suggestions on keeping ChromeDriver safe.
ChromeDriver was started successfully.
Oct 15, 2022 2:40:08 PM org.openqa.selenium.remote.ProtocolHandshake createSession
INFO: Detected dialect: W3C
]]></system-err>
  </testcase>
  <testcase name="Verify that we can add customers http://demo.guru99.com/telecom/index.html #3" classname="Adding a customer in guru99 Telecom application" time="7.765">
    <system-out><![CDATA[
@TC_2
Scenario Outline: Verify that we can add customers http://demo.guru99.com/telecom/index.html                                   &amp#27;[90m# src/test/resources/Lab3_guru99Telecom.feature:17&amp#27;[0m
2022-10-15 14:40:16 INFO  Hooks:17 - Driver is successfully started
v  &amp#27;[32mGiven &amp#27;[0m&amp#27;[32mThe user wants to see Guru demo site&amp#27;[0m                                                                                   &amp#27;[90m# code.stepsDefinitions.guru99TelecomSteps.the_user_wants_to_see_guru_demo_site()&amp#27;[0m
  &amp#27;[32mWhen &amp#27;[0m&amp#27;[32mThe user wants to add a customer&amp#27;[0m                                                                                        &amp#27;[90m# code.stepsDefinitions.guru99TelecomSteps.the_user_wants_to_add_a_customer()&amp#27;[0m
  &amp#27;[32mThen &amp#27;[0m&amp#27;[32mThe users wants to verify &amp#27;[0m&amp#27;[32m&amp#27;[1m"Add Customer"&amp#27;[0m&amp#27;[32m header&amp#27;[0m                                                                         &amp#27;[90m# code.stepsDefinitions.guru99TelecomSteps.the_users_wants_to_verify_header(java.lang.String)&amp#27;[0m
2022-10-15 14:40:21 ERROR guru99TelecomHome:62 - The option you have provided is not found. Please check your selection
v2022-10-15 14:40:21 ERROR guru99TelecomHome:63 - done is the provided option
v  &amp#27;[32mThen &amp#27;[0m&amp#27;[32mThe user wants to enter background check as &amp#27;[0m&amp#27;[32m&amp#27;[1m"done"&amp#27;[0m                                                                      &amp#27;[90m# code.stepsDefinitions.guru99TelecomSteps.the_user_wants_to_enter_background_check_as(java.lang.String)&amp#27;[0m
2022-10-15 14:40:22 INFO  guru99TelecomSteps:37 - First name is successfully provided
v2022-10-15 14:40:22 INFO  guru99TelecomSteps:39 - Last name is successfully provided
v2022-10-15 14:40:22 INFO  guru99TelecomSteps:41 - Email is successfully provided
v2022-10-15 14:40:22 INFO  guru99TelecomSteps:43 - Address is successfully provided
v2022-10-15 14:40:22 INFO  guru99TelecomSteps:45 - phone number is successfully provided
v  &amp#27;[32mThen &amp#27;[0m&amp#27;[32mThe user wants to enter billingaddress as &amp#27;[0m&amp#27;[32m&amp#27;[1m"Onur"&amp#27;[0m&amp#27;[32m and &amp#27;[0m&amp#27;[32m&amp#27;[1m"Renas"&amp#27;[0m&amp#27;[32m and &amp#27;[0m&amp#27;[32m&amp#27;[1m"abc@gmail.com"&amp#27;[0m&amp#27;[32m and &amp#27;[0m&amp#27;[32m&amp#27;[1m"10 renastech st"&amp#27;[0m&amp#27;[32m and &amp#27;[0m&amp#27;[32m&amp#27;[1m"2012221201"&amp#27;[0m &amp#27;[90m# code.stepsDefinitions.guru99TelecomSteps.the_user_wants_to_enter_billingaddress_as_and_and_and_and(java.lang.String,java.lang.String,java.lang.String,java.lang.String,java.lang.String)&amp#27;[0m
  &amp#27;[32mAnd &amp#27;[0m&amp#27;[32mThe wants to verify message as &amp#27;[0m&amp#27;[32m&amp#27;[1m"Access Details to Guru99 Telecom"&amp#27;[0m                                                        &amp#27;[90m# code.stepsDefinitions.guru99TelecomSteps.the_wants_to_verify_message_as(java.lang.String)&amp#27;[0m
]]></system-out>
    <system-err><![CDATA[Starting ChromeDriver 106.0.5249.61 (511755355844955cd3e264779baf0dd38212a4d0-refs/branch-heads/5249@{#569}) on port 61518
Only local connections are allowed.
Please see https://chromedriver.chromium.org/security-considerations for suggestions on keeping ChromeDriver safe.
ChromeDriver was started successfully.
Oct 15, 2022 2:40:16 PM org.openqa.selenium.remote.ProtocolHandshake createSession
INFO: Detected dialect: W3C
]]></system-err>
  </testcase>
</testsuite>